Determining if the pthread_create exist failed with the following output:
Change Dir: /home/talbotmd/Documents/human_force_code/human_force_code/optitrack/build/CMakeFiles/CMakeTmp

Run Build Command:"/usr/bin/make" "cmTC_dbbca/fast"
/usr/bin/make -f CMakeFiles/cmTC_dbbca.dir/build.make CMakeFiles/cmTC_dbbca.dir/build
make[1]: Entering directory '/home/talbotmd/Documents/human_force_code/human_force_code/optitrack/build/CMakeFiles/CMakeTmp'
Building C object CMakeFiles/cmTC_dbbca.dir/CheckSymbolExists.c.o
/usr/bin/cc     -o CMakeFiles/cmTC_dbbca.dir/CheckSymbolExists.c.o   -c /home/talbotmd/Documents/human_force_code/human_force_code/optitrack/build/CMakeFiles/CMakeTmp/CheckSymbolExists.c
Linking C executable cmTC_dbbca
/usr/bin/cmake -E cmake_link_script CMakeFiles/cmTC_dbbca.dir/link.txt --verbose=1
/usr/bin/cc       CMakeFiles/cmTC_dbbca.dir/CheckSymbolExists.c.o  -o cmTC_dbbca -rdynamic 
CMakeFiles/cmTC_dbbca.dir/CheckSymbolExists.c.o: In function `main':
CheckSymbolExists.c:(.text+0x16): undefined reference to `pthread_create'
collect2: error: ld returned 1 exit status
CMakeFiles/cmTC_dbbca.dir/build.make:97: recipe for target 'cmTC_dbbca' failed
make[1]: *** [cmTC_dbbca] Error 1
make[1]: Leaving directory '/home/talbotmd/Documents/human_force_code/human_force_code/optitrack/build/CMakeFiles/CMakeTmp'
Makefile:126: recipe for target 'cmTC_dbbca/fast' failed
make: *** [cmTC_dbbca/fast] Error 2

File /home/talbotmd/Documents/human_force_code/human_force_code/optitrack/build/CMakeFiles/CMakeTmp/CheckSymbolExists.c:
/* */
#include <pthread.h>

int main(int argc, char** argv)
{
  (void)argv;
#ifndef pthread_create
  return ((int*)(&pthread_create))[argc];
#else
  (void)argc;
  return 0;
#endif
}

Determining if the function pthread_create exists in the pthreads failed with the following output:
Change Dir: /home/talbotmd/Documents/human_force_code/human_force_code/optitrack/build/CMakeFiles/CMakeTmp

Run Build Command:"/usr/bin/make" "cmTC_052d5/fast"
/usr/bin/make -f CMakeFiles/cmTC_052d5.dir/build.make CMakeFiles/cmTC_052d5.dir/build
make[1]: Entering directory '/home/talbotmd/Documents/human_force_code/human_force_code/optitrack/build/CMakeFiles/CMakeTmp'
Building C object CMakeFiles/cmTC_052d5.dir/CheckFunctionExists.c.o
/usr/bin/cc    -DCHECK_FUNCTION_EXISTS=pthread_create   -o CMakeFiles/cmTC_052d5.dir/CheckFunctionExists.c.o   -c /usr/share/cmake-3.5/Modules/CheckFunctionExists.c
Linking C executable cmTC_052d5
/usr/bin/cmake -E cmake_link_script CMakeFiles/cmTC_052d5.dir/link.txt --verbose=1
/usr/bin/cc   -DCHECK_FUNCTION_EXISTS=pthread_create    CMakeFiles/cmTC_052d5.dir/CheckFunctionExists.c.o  -o cmTC_052d5 -rdynamic -lpthreads 
/usr/bin/ld: cannot find -lpthreads
collect2: error: ld returned 1 exit status
CMakeFiles/cmTC_052d5.dir/build.make:97: recipe for target 'cmTC_052d5' failed
make[1]: *** [cmTC_052d5] Error 1
make[1]: Leaving directory '/home/talbotmd/Documents/human_force_code/human_force_code/optitrack/build/CMakeFiles/CMakeTmp'
Makefile:126: recipe for target 'cmTC_052d5/fast' failed
make: *** [cmTC_052d5/fast] Error 2


